    _                _                      
   / \   ___ ___ ___| | ___ _ __ __ _ _   _ 
  / _ \ / __/ __/ _ \ |/ _ \ '__/ _` | | | |
 / ___ \ (_| (_|  __/ |  __/ | | (_| | |_| |
/_/   \_\___\___\___|_|\___|_|  \__, |\__, |
                                |___/ |___/ 

Info: generating outputs according to the following specified output flags... 
 Please use the -f flag to update the preference (default to all output files) 
{'ERT': 1, 'ERT_summary': 1, 'ART': 1, 'ART_summary': 1, 'energy_estimation': 1, 'flattened_arch': 1}
Info: config file located: /home/workspace/.config/accelergy/accelergy_config.yaml 
config file content: 
 {'compound_components': [], 'estimator_plug_ins': ['/usr/local/share/accelergy/estimation_plug_ins'], 'primitive_components': ['/usr/local/share/accelergy/primitive_component_libs'], 'table_plug_ins': {'roots': ['/usr/local/share/accelergy/estimation_plug_ins/accelergy-table-based-plug-ins/set_of_table_templates', '/home/workspace/lab3/PIM_estimation_tables']}, 'version': 0.3}
Warn: Cannot recognize the top key "architecture_constraints" in file tmp.yaml 
Warn: Cannot recognize the top key "mapper" in file tmp.yaml 
Warn: Cannot recognize the top key "mapspace_constraints" in file tmp.yaml 
Warn: Cannot recognize the top key "problem" in file tmp.yaml 
Info: Parsing file tmp.yaml for architecture info 
Info: Found non-numeric expression 45nm. Available bindings: {'technology': '45nm'} 
WARN: Failed to evaluate "45nm". Setting system.simple_ws.technology="45nm". Available bindings: {'technology': '45nm'}
Info: Found non-numeric expression LPDDR4. Available bindings: {'block-size': 4, 'type': 'LPDDR4', 'width': 64, 'word-bits': 16} 
WARN: Failed to evaluate "LPDDR4". Setting variables.type="LPDDR4". Available bindings: {'attributes': {'block-size': 4, 'type': 'LPDDR4', 'width': 64, 'word-bits': 16}, 'class': 'DRAM', 'name': 'DRAM'}
Info: Parsing file tmp.yaml for compound_components info 
Info: primitive component file parsed:  /usr/local/share/accelergy/primitive_component_libs/primitive_component.lib.yaml 
Info: primitive component file parsed:  /usr/local/share/accelergy/primitive_component_libs/soc_primitives.lib.yaml 
Info: primitive component file parsed:  /usr/local/share/accelergy/primitive_component_libs/pim_primitive_component.lib.yaml 
Info: Found non-numeric expression 5ns. Available bindings: {'datawidth': 16, 'meshX': 16, 'technology': '45nm', 'num_pipeline_stages': 2, 'latency': '5ns'} 
WARN: Failed to evaluate "5ns". Setting system.simple_ws.PE[0..255].mac.latency="5ns". Available bindings: {'datawidth': 16, 'meshX': 16, 'technology': '45nm', 'num_pipeline_stages': 2, 'latency': '5ns'}
Info: Found non-numeric expression 1ns. Available bindings: {'depth': 1, 'meshX': 16, 'width': 16, 'technology': '45nm', 'latency': '1ns'} 
WARN: Failed to evaluate "1ns". Setting system.simple_ws.PE[0..255].weight_reg.latency="1ns". Available bindings: {'depth': 1, 'meshX': 16, 'width': 16, 'technology': '45nm', 'latency': '1ns'}
Info: Found non-numeric expression 65nm. Available bindings: {'block-size': 4, 'type': 'LPDDR4', 'width': 64, 'word-bits': 16, 'technology': '65nm'} 
WARN: Failed to evaluate "65nm". Setting system.DRAM.technology="65nm". Available bindings: {'block-size': 4, 'type': 'LPDDR4', 'width': 64, 'word-bits': 16, 'technology': '65nm'}
Info: Calculated "log(memory_depth)" = 5.2574953720277815 
Info: Calculated "n_banks" = 1 
Info: Calculated "log(memory_depth)" = 9.704060527839234 
Info: Calculated "n_banks" = 32 
Info: estimator plug-in identified by:  /usr/local/share/accelergy/estimation_plug_ins/accelergy-cacti-plug-in/cacti.estimator.yaml 
Info: estimator plug-in identified by:  /usr/local/share/accelergy/estimation_plug_ins/dummy_tables/dummy.estimator.yaml 
Info: estimator plug-in identified by:  /usr/local/share/accelergy/estimation_plug_ins/accelergy-aladdin-plug-in/aladdin.estimator.yaml 
Info: estimator plug-in identified by:  /usr/local/share/accelergy/estimation_plug_ins/accelergy-table-based-plug-ins/table.estimator.yaml 
table-based-plug-ins Identifies a set of tables named:  test_tables
Info: CACTI plug-in... Querying CACTI for request:
 {'class_name': 'SRAM', 'attributes': OrderedDict([('depth', 16384), ('n_banks', 32), ('n_rdwr_ports', 2), ('technology', '45nm'), ('width', 64), ('n_rd_ports', 0), ('n_wr_ports', 0), ('latency', '5ns')]), 'action_name': 'write', 'arguments': {'address_delta': 0, 'data_delta': 0}}
copy  /usr/local/share/accelergy/estimation_plug_ins/accelergy-cacti-plug-in/default_SRAM.cfg  to  /usr/local/share/accelergy/estimation_plug_ins/accelergy-cacti-plug-in/cacti/timeloop-mapper.05_07_19_30_52_SRAM.cfg
CACTI plug-in removing temp file:  /usr/local/share/accelergy/estimation_plug_ins/accelergy-cacti-plug-in/cacti/timeloop-mapper.05_07_19_30_52_SRAM.cfg
Warn: No action counts are specified as yaml input 
Info: flattened architecture is saved to: ./timeloop-mapper.flattened_architecture.yaml 
Info: energy reference table is saved to: ./timeloop-mapper.ERT.yaml 
Info: energy reference table summary is saved to: ./timeloop-mapper.ERT_summary.yaml 
Warn: no runtime energy estimations are generated... not generating energy_estimation.yaml 
Info: area reference table is saved to: ./timeloop-mapper.ART.yaml 
Info: area reference table summary is saved to: ./timeloop-mapper.ART_summary.yaml 
